<?xml version="1.0" encoding="UTF-8"?>
<!-- Generated by org.testng.reporters.JUnitXMLReporter -->
<testsuite hostname="DESKTOP-GH0VMB2" ignored="0" name="Test" tests="5" failures="0" timestamp="2020-09-02T21:06:28 EDT" time="0.116" errors="0">
  <testcase name="appium" time="0.021" classname="Mavenprojects.Mavenjava.Appium"/>
  <testcase name="appium1" time="0.003" classname="Mavenprojects.Mavenjava.Appium"/>
  <testcase name="Restapi1" time="0.002" classname="Mavenprojects.Mavenjava.RestApi"/>
  <testcase name="method1" time="0.005" classname="Mavenprojects.Mavenjava.Seleniumpgm"/>
  <testcase name="method2" time="0.004" classname="Mavenprojects.Mavenjava.Seleniumpgm"/>
</testsuite> <!-- Test -->
