<?xml version="1.0" encoding="UTF-8"?>
<!-- Generated by org.testng.reporters.JUnitXMLReporter -->
<testsuite hostname="DESKTOP-GH0VMB2" ignored="0" name="Test1" tests="4" failures="0" timestamp="2020-08-19T23:38:54 EDT" time="0.156" errors="0">
  <testcase name="methodapp" time="0.026" classname="Mavenprojects.Mavenjava.AppiumTest"/>
  <testcase name="methodapp2" time="0.008" classname="Mavenprojects.Mavenjava.AppiumTest"/>
  <testcase name="seleniummethod1" time="0.013" classname="Mavenprojects.Mavenjava.SeleniumTest"/>
  <testcase name="seleniummethod2" time="0.006" classname="Mavenprojects.Mavenjava.SeleniumTest"/>
</testsuite> <!-- Test1 -->
