<?xml version="1.0" encoding="UTF-8"?>
<testng-results skipped="0" failed="0" ignored="0" total="1" passed="1">
  <reporter-output>
  </reporter-output>
  <suite name="Default suite" duration-ms="9714" started-at="2020-09-03T19:01:36 EDT" finished-at="2020-09-03T19:01:46 EDT">
    <groups>
    </groups>
    <test name="Default test" duration-ms="9714" started-at="2020-09-03T19:01:36 EDT" finished-at="2020-09-03T19:01:46 EDT">
      <class name="Mavenprojects.Mavenjava.Loginrediff">
        <test-method status="PASS" signature="loginrediff()[pri:0, instance:Mavenprojects.Mavenjava.Loginrediff@167fdd33]" name="loginrediff" duration-ms="9645" started-at="2020-09-03T19:01:37 EDT" finished-at="2020-09-03T19:01:46 EDT">
          <reporter-output>
          </reporter-output>
        </test-method> <!-- loginrediff -->
      </class> <!-- Mavenprojects.Mavenjava.Loginrediff -->
    </test> <!-- Default test -->
  </suite> <!-- Default suite -->
</testng-results>
